2026-03-22 15:26:37,151 | INFO     | root:setup_logging:45 - Production logging initialized successfully.
2026-03-22 15:26:37,362 | INFO     | root:setup_logging:45 - Production logging initialized successfully.
2026-03-22 15:26:42,720 | INFO     | solver.core:_build:36 - Model built with 48 decision variables.
2026-03-22 15:26:42,720 | INFO     | solver.core:_solve:42 - Starting solver...
2026-03-22 15:26:42,750 | INFO     | solver.core:generate_timetable:96 - Solver finished with status: CpSolverStatus.OPTIMAL
2026-03-22 15:26:42,753 | INFO     | app:log_requests:45 - rid= method=POST path=/api/v1/timetable/generate status_code=201 completed_in=48.27ms
2026-03-22 15:34:57,111 | INFO     | root:setup_logging:45 - Production logging initialized successfully.
2026-03-22 15:34:57,281 | INFO     | root:setup_logging:45 - Production logging initialized successfully.
2026-03-22 15:35:05,028 | INFO     | root:setup_logging:45 - Production logging initialized successfully.
2026-03-22 15:35:05,120 | INFO     | root:setup_logging:45 - Production logging initialized successfully.
2026-03-22 15:35:08,036 | INFO     | root:setup_logging:45 - Production logging initialized successfully.
2026-03-22 15:35:08,130 | INFO     | root:setup_logging:45 - Production logging initialized successfully.
2026-03-22 15:39:09,840 | INFO     | root:setup_logging:45 - Production logging initialized successfully.
2026-03-22 15:39:10,051 | INFO     | root:setup_logging:45 - Production logging initialized successfully.
2026-03-22 15:39:21,126 | INFO     | root:setup_logging:45 - Production logging initialized successfully.
2026-03-22 15:39:21,256 | INFO     | root:setup_logging:45 - Production logging initialized successfully.
2026-03-22 15:39:26,742 | INFO     | solver.core:_build:36 - Model built with 48 decision variables.
2026-03-22 15:39:26,743 | INFO     | solver.core:_solve:42 - Starting solver...
2026-03-22 15:39:26,826 | INFO     | solver.core:generate_timetable:96 - Solver finished with status: CpSolverStatus.OPTIMAL
2026-03-22 15:39:26,828 | INFO     | app:log_requests:45 - rid= method=POST path=/api/v1/timetable/generate status_code=201 completed_in=105.16ms
2026-03-22 15:41:07,504 | INFO     | root:setup_logging:45 - Production logging initialized successfully.
2026-03-22 15:41:07,630 | INFO     | root:setup_logging:45 - Production logging initialized successfully.
2026-03-22 15:41:12,038 | INFO     | solver.core:_build:36 - Model built with 48 decision variables.
2026-03-22 15:41:12,038 | INFO     | solver.core:_solve:42 - Starting solver...
2026-03-22 15:41:12,069 | INFO     | solver.core:generate_timetable:96 - Solver finished with status: CpSolverStatus.OPTIMAL
2026-03-22 15:41:12,070 | INFO     | app:log_requests:45 - rid= method=POST path=/api/v1/timetable/generate status_code=201 completed_in=39.54ms
